2026-03-01 18:21:19,872 [INFO] Activator:176 - 


2026-03-01 18:21:19,875 [INFO] Activator:177 - !SESSION log4j initialized
2026-03-01 18:21:26,175 [INFO] LogOutputStream:77 - [STDOUT_REDIRECT] 
2026-03-01 18:21:30,638 [INFO] ApplicationProperties:184 - Using Application install path: C:\ST\STM32CubeIDE_1.13.1\STM32CubeIDE\plugins\com.st.stm32cube.common.mx_6.9.1.202307191849
2026-03-01 18:21:30,673 [INFO] DbMcusXml:78 - Set database path to: C:\ST\STM32CubeIDE_1.13.1\STM32CubeIDE\plugins\com.st.stm32cube.common.mx_6.9.1.202307191849\\db\/mcu/
2026-03-01 18:21:30,674 [INFO] ApiDb:274 - Set plugin database path to: C:\ST\STM32CubeIDE_1.13.1\STM32CubeIDE\plugins\com.st.stm32cube.common.mx_6.9.1.202307191849\\db\/plugins/boardmanager/
2026-03-01 18:21:30,675 [WARN] ApiDb:259 - Overriding images path with different value:  => C:\ST\STM32CubeIDE_1.13.1\STM32CubeIDE\plugins\com.st.stm32cube.common.mx_6.9.1.202307191849\\db\/plugins/mcufinder/images/
2026-03-01 18:21:30,711 [INFO] ApiDb:250 - Set database path to: C:\Users\alexp\.stmcufinder\plugins\mcufinder//mcu/
2026-03-01 18:21:30,714 [INFO] DbMcusAds:125 - Set database path to: C:\Users\alexp\.stmcufinder\plugins\mcufinder//mcu/
2026-03-01 18:21:30,719 [INFO] CrossReferenceDbSqlite:203 - Set database path to: C:\Users\alexp\.stmcufinder\plugins\mcufinder//mcu/cs/
2026-03-01 18:21:30,943 [INFO] RulesReader:64 - Compatibility file has been processed (293 Rules)
2026-03-01 18:21:31,113 [INFO] DbMcusXml:78 - Set database path to: C:\ST\STM32CubeIDE_1.13.1\STM32CubeIDE\plugins\com.st.stm32cube.common.mx_6.9.1.202307191849\\db\/mcu/
2026-03-01 18:21:31,114 [INFO] ApiDb:274 - Set plugin database path to: C:\ST\STM32CubeIDE_1.13.1\STM32CubeIDE\plugins\com.st.stm32cube.common.mx_6.9.1.202307191849\\db\/plugins/boardmanager/
2026-03-01 18:21:31,114 [INFO] ApiDb:261 - Set plugin images path to: C:\ST\STM32CubeIDE_1.13.1\STM32CubeIDE\plugins\com.st.stm32cube.common.mx_6.9.1.202307191849\\db\/plugins/mcufinder/images/
2026-03-01 18:21:31,115 [WARN] DbFile:41 - Overriding database path with different value: C:\Users\alexp\.stmcufinder\plugins\mcufinder/ => C:\Users\alexp\.stmcufinder\plugins\mcufinder
2026-03-01 18:21:31,115 [INFO] ApiDb:250 - Set database path to: C:\Users\alexp\.stmcufinder\plugins\mcufinder//mcu/
2026-03-01 18:21:31,115 [WARN] DbFile:41 - Overriding database path with different value: C:\Users\alexp\.stmcufinder\plugins\mcufinder/ => C:\Users\alexp\.stmcufinder\plugins\mcufinder
2026-03-01 18:21:31,116 [INFO] DbMcusAds:125 - Set database path to: C:\Users\alexp\.stmcufinder\plugins\mcufinder//mcu/
2026-03-01 18:21:31,116 [WARN] DbFile:41 - Overriding database path with different value: C:\Users\alexp\.stmcufinder\plugins\mcufinder/ => C:\Users\alexp\.stmcufinder\plugins\mcufinder
2026-03-01 18:21:31,116 [WARN] DbFile:41 - Overriding database path with different value: C:\Users\alexp\.stmcufinder\plugins\mcufinder/ => C:\Users\alexp\.stmcufinder\plugins\mcufinder
2026-03-01 18:21:31,116 [INFO] CrossReferenceDbSqlite:203 - Set database path to: C:\Users\alexp\.stmcufinder\plugins\mcufinder//mcu/cs/
2026-03-01 18:21:31,267 [INFO] MainPanel:262 - HeapMemory: 268435456
2026-03-01 18:21:31,447 [INFO] DbMcusXml:78 - Set database path to: C:\ST\STM32CubeIDE_1.13.1\STM32CubeIDE\plugins\com.st.stm32cube.common.mx_6.9.1.202307191849\\db\/mcu/
2026-03-01 18:21:31,447 [INFO] ApiDb:274 - Set plugin database path to: C:\ST\STM32CubeIDE_1.13.1\STM32CubeIDE\plugins\com.st.stm32cube.common.mx_6.9.1.202307191849\\db\/plugins/boardmanager/
2026-03-01 18:21:31,447 [INFO] ApiDb:261 - Set plugin images path to: C:\ST\STM32CubeIDE_1.13.1\STM32CubeIDE\plugins\com.st.stm32cube.common.mx_6.9.1.202307191849\\db\/plugins/mcufinder/images/
2026-03-01 18:21:31,448 [WARN] DbFile:41 - Overriding database path with different value: C:\Users\alexp\.stmcufinder\plugins\mcufinder/ => C:\Users\alexp\.stmcufinder\plugins\mcufinder
2026-03-01 18:21:31,448 [INFO] ApiDb:250 - Set database path to: C:\Users\alexp\.stmcufinder\plugins\mcufinder//mcu/
2026-03-01 18:21:31,448 [WARN] DbFile:41 - Overriding database path with different value: C:\Users\alexp\.stmcufinder\plugins\mcufinder/ => C:\Users\alexp\.stmcufinder\plugins\mcufinder
2026-03-01 18:21:31,449 [INFO] DbMcusAds:125 - Set database path to: C:\Users\alexp\.stmcufinder\plugins\mcufinder//mcu/
2026-03-01 18:21:31,449 [WARN] DbFile:41 - Overriding database path with different value: C:\Users\alexp\.stmcufinder\plugins\mcufinder/ => C:\Users\alexp\.stmcufinder\plugins\mcufinder
2026-03-01 18:21:31,449 [WARN] DbFile:41 - Overriding database path with different value: C:\Users\alexp\.stmcufinder\plugins\mcufinder/ => C:\Users\alexp\.stmcufinder\plugins\mcufinder
2026-03-01 18:21:31,449 [INFO] CrossReferenceDbSqlite:203 - Set database path to: C:\Users\alexp\.stmcufinder\plugins\mcufinder//mcu/cs/
2026-03-01 18:21:31,484 [INFO] ApplicationProperties:184 - Using Application install path: C:\ST\STM32CubeIDE_1.13.1\STM32CubeIDE\plugins\com.st.stm32cube.common.mx_6.9.1.202307191849
2026-03-01 18:21:31,486 [INFO] PluginManage:196 - Search for loadable plugins [exclusion list=, ]
2026-03-01 18:21:31,489 [INFO] PluginManage:310 - Check plugin analytics
2026-03-01 18:21:31,825 [INFO] AnalyticsPlugin:253 - Accepted Software Licenses: STM32CubeMX.6.17.0
2026-03-01 18:21:31,825 [INFO] AnalyticsPlugin:255 - Accepted CMSIS Pack Licenses: 
2026-03-01 18:21:31,825 [INFO] AnalyticsPlugin:257 - Accepted Firmware Licenses: FW.F4.1.27.0,FW.G4.1.5.0,FW.H7.1.11.0
2026-03-01 18:21:31,833 [INFO] PluginManage:359 - Loaded plugin analytics (category:tool,tabindex:-1)
2026-03-01 18:21:31,835 [INFO] PluginManage:310 - Check plugin cadmodel
2026-03-01 18:21:31,867 [INFO] CADModel:105 - Init CAD model plugin
2026-03-01 18:21:31,867 [INFO] PluginManage:359 - Loaded plugin cadmodel (category:power,tabindex:5)
2026-03-01 18:21:31,868 [INFO] PluginManage:310 - Check plugin clock
2026-03-01 18:21:31,931 [INFO] PluginManage:359 - Loaded plugin clock (category:base,tabindex:2)
2026-03-01 18:21:31,931 [INFO] PluginManage:310 - Check plugin ddr
2026-03-01 18:21:31,941 [INFO] PluginManage:359 - Loaded plugin ddr (category:tool,tabindex:6)
2026-03-01 18:21:31,942 [INFO] PluginManage:310 - Check plugin filemanager
2026-03-01 18:21:32,228 [INFO] PluginManage:359 - Loaded plugin filemanager (category:base,tabindex:10)
2026-03-01 18:21:32,228 [INFO] PluginManage:310 - Check plugin ipmanager
2026-03-01 18:21:32,243 [INFO] PluginManage:359 - Loaded plugin ipmanager (category:base,tabindex:5)
2026-03-01 18:21:32,243 [INFO] PluginManage:310 - Check plugin lpbam
2026-03-01 18:21:32,278 [INFO] PluginManage:359 - Loaded plugin lpbam (category:base,tabindex:0)
2026-03-01 18:21:32,278 [INFO] PluginManage:310 - Check plugin memorymap
2026-03-01 18:21:32,344 [INFO] PluginManage:359 - Loaded plugin memorymap (category:base,tabindex:4)
2026-03-01 18:21:32,344 [INFO] PluginManage:310 - Check plugin pinoutandconfiguration
2026-03-01 18:21:32,378 [INFO] PluginManage:359 - Loaded plugin pinoutandconfiguration (category:base,tabindex:1)
2026-03-01 18:21:32,378 [INFO] PluginManage:310 - Check plugin pinoutconfig
2026-03-01 18:21:32,546 [WARN] SupportedApi:132 - Cannot load RTOS API schema: s4s-elt-must-match.1: The content of 'definitions' must match (annotation?, (simpleType | complexType)?, (unique | key | keyref)*)). A problem was found starting at: attribute.
2026-03-01 18:21:32,849 [INFO] PluginManage:359 - Loaded plugin pinoutconfig (category:base,tabindex:0)
2026-03-01 18:21:32,849 [INFO] PluginManage:310 - Check plugin power
2026-03-01 18:21:32,900 [INFO] PluginManage:359 - Loaded plugin power (category:power,tabindex:4)
2026-03-01 18:21:32,900 [INFO] PluginManage:310 - Check plugin projectmanager
2026-03-01 18:21:32,927 [INFO] PluginManage:359 - Loaded plugin projectmanager (category:projectmanager,tabindex:3)
2026-03-01 18:21:32,928 [INFO] PluginManage:310 - Check plugin thirdparty
2026-03-01 18:21:33,446 [INFO] PluginManage:359 - Loaded plugin thirdparty (category:base,tabindex:-1)
2026-03-01 18:21:33,447 [INFO] PluginManage:310 - Check plugin tools
2026-03-01 18:21:33,446 [WARN] IntegrityCheckThread:84 - waiting for thirdparty lock release [integrity check]
2026-03-01 18:21:33,447 [INFO] IntegrityCheckThread:86 - entering critical section [integrity check]
2026-03-01 18:21:33,448 [INFO] ThirdPartyUpdaterWithRetryManager:70 - Updater plugin not ready yet. [1/15]
2026-03-01 18:21:33,513 [INFO] PluginManage:359 - Loaded plugin tools (category:base,tabindex:7)
2026-03-01 18:21:33,514 [INFO] PluginManage:310 - Check plugin tutovideos
2026-03-01 18:21:33,818 [INFO] PluginManage:359 - Loaded plugin tutovideos (category:base,tabindex:-1)
2026-03-01 18:21:33,818 [INFO] PluginManage:310 - Check plugin updater
2026-03-01 18:21:33,833 [INFO] PluginManage:359 - Loaded plugin updater (category:base,tabindex:12)
2026-03-01 18:21:33,833 [INFO] PluginManage:310 - Check plugin userauth
2026-03-01 18:21:33,840 [INFO] UserAuth:113 - Init User Auth plugin
2026-03-01 18:21:33,840 [INFO] PluginManage:359 - Loaded plugin userauth (category:base,tabindex:14)
2026-03-01 18:21:33,841 [INFO] PluginManage:283 - PluginManage : Loaded plugins [17]
2026-03-01 18:21:34,224 [INFO] PinOutPanel:1499 - setPackage(No Configuration,No Configuration)
2026-03-01 18:21:34,459 [INFO] CADModel:165 - CPN selected for project level
2026-03-01 18:21:34,459 [INFO] CADModel:114 - Register for checkConnection events
2026-03-01 18:21:34,516 [INFO] IPUIPlugin:80 - create IPUIPlugin
2026-03-01 18:21:34,517 [INFO] PluginManager:220 - loadIPPluginJar : add adc
2026-03-01 18:21:34,602 [INFO] IPUIPlugin:80 - create IPUIPlugin
2026-03-01 18:21:34,603 [INFO] PluginManager:220 - loadIPPluginJar : add aes
2026-03-01 18:21:34,692 [INFO] IPUIPlugin:80 - create IPUIPlugin
2026-03-01 18:21:34,692 [INFO] PluginManager:220 - loadIPPluginJar : add can
2026-03-01 18:21:34,774 [INFO] IPUIPlugin:80 - create IPUIPlugin
2026-03-01 18:21:34,775 [INFO] PluginManager:220 - loadIPPluginJar : add comp
2026-03-01 18:21:34,875 [INFO] IPUIPlugin:80 - create IPUIPlugin
2026-03-01 18:21:34,876 [INFO] PluginManager:220 - loadIPPluginJar : add cryp
2026-03-01 18:21:34,967 [INFO] IPUIPlugin:80 - create IPUIPlugin
2026-03-01 18:21:34,967 [INFO] PluginManager:220 - loadIPPluginJar : add dfsdm
2026-03-01 18:21:35,000 [INFO] IPUIPlugin:80 - create IPUIPlugin
2026-03-01 18:21:35,002 [INFO] PluginManager:220 - loadIPPluginJar : add dma
2026-03-01 18:21:35,099 [INFO] IPUIPlugin:80 - create IPUIPlugin
2026-03-01 18:21:35,099 [INFO] PluginManager:220 - loadIPPluginJar : add dma3
2026-03-01 18:21:35,144 [INFO] IPUIPlugin:80 - create IPUIPlugin
2026-03-01 18:21:35,144 [INFO] PluginManager:220 - loadIPPluginJar : add fatfs
2026-03-01 18:21:35,241 [INFO] IPUIPlugin:80 - create IPUIPlugin
2026-03-01 18:21:35,241 [INFO] PluginManager:220 - loadIPPluginJar : add fmc
2026-03-01 18:21:35,273 [INFO] IPUIPlugin:80 - create IPUIPlugin
2026-03-01 18:21:35,273 [INFO] PluginManager:220 - loadIPPluginJar : add freertos
2026-03-01 18:21:35,320 [INFO] IPUIPlugin:80 - create IPUIPlugin
2026-03-01 18:21:35,321 [INFO] PluginManager:220 - loadIPPluginJar : add genericplugin
2026-03-01 18:21:35,520 [INFO] IPUIPlugin:80 - create IPUIPlugin
2026-03-01 18:21:35,521 [INFO] PluginManager:220 - loadIPPluginJar : add gfxmmu
2026-03-01 18:21:35,768 [INFO] IPUIPlugin:80 - create IPUIPlugin
2026-03-01 18:21:35,768 [INFO] PluginManager:220 - loadIPPluginJar : add gic
2026-03-01 18:21:35,791 [INFO] IPUIPlugin:80 - create IPUIPlugin
2026-03-01 18:21:35,792 [INFO] PluginManager:220 - loadIPPluginJar : add gpio
2026-03-01 18:21:35,955 [INFO] IPUIPlugin:80 - create IPUIPlugin
2026-03-01 18:21:35,956 [INFO] PluginManager:220 - loadIPPluginJar : add gtzc
2026-03-01 18:21:36,022 [INFO] IPUIPlugin:80 - create IPUIPlugin
2026-03-01 18:21:36,022 [INFO] PluginManager:220 - loadIPPluginJar : add hash
2026-03-01 18:21:36,115 [INFO] IPUIPlugin:80 - create IPUIPlugin
2026-03-01 18:21:36,116 [INFO] PluginManager:220 - loadIPPluginJar : add i2c
2026-03-01 18:21:36,185 [INFO] IPUIPlugin:80 - create IPUIPlugin
2026-03-01 18:21:36,185 [INFO] PluginManager:220 - loadIPPluginJar : add i2s
2026-03-01 18:21:36,263 [INFO] IPUIPlugin:80 - create IPUIPlugin
2026-03-01 18:21:36,263 [INFO] PluginManager:220 - loadIPPluginJar : add i3c
2026-03-01 18:21:36,449 [INFO] ThirdPartyUpdaterWithRetryManager:70 - Updater plugin not ready yet. [2/15]
2026-03-01 18:21:36,462 [INFO] IPUIPlugin:80 - create IPUIPlugin
2026-03-01 18:21:36,462 [INFO] PluginManager:220 - loadIPPluginJar : add ipddr
2026-03-01 18:21:36,646 [INFO] IPUIPlugin:80 - create IPUIPlugin
2026-03-01 18:21:36,646 [INFO] PluginManager:220 - loadIPPluginJar : add linkedlist
2026-03-01 18:21:36,712 [INFO] IPUIPlugin:80 - create IPUIPlugin
2026-03-01 18:21:36,712 [INFO] PluginManager:220 - loadIPPluginJar : add lorawan
2026-03-01 18:21:36,782 [INFO] IPUIPlugin:80 - create IPUIPlugin
2026-03-01 18:21:36,782 [INFO] PluginManager:220 - loadIPPluginJar : add ltdc
2026-03-01 18:21:36,807 [INFO] IPUIPlugin:80 - create IPUIPlugin
2026-03-01 18:21:36,808 [INFO] PluginManager:220 - loadIPPluginJar : add mdma
2026-03-01 18:21:36,828 [INFO] IPUIPlugin:80 - create IPUIPlugin
2026-03-01 18:21:36,829 [INFO] PluginManager:220 - loadIPPluginJar : add nvic
2026-03-01 18:21:36,902 [INFO] IPUIPlugin:80 - create IPUIPlugin
2026-03-01 18:21:36,902 [INFO] PluginManager:220 - loadIPPluginJar : add opamp
2026-03-01 18:21:37,025 [INFO] IPUIPlugin:80 - create IPUIPlugin
2026-03-01 18:21:37,025 [INFO] PluginManager:220 - loadIPPluginJar : add openamp
2026-03-01 18:21:37,108 [INFO] IPUIPlugin:80 - create IPUIPlugin
2026-03-01 18:21:37,108 [INFO] PluginManager:220 - loadIPPluginJar : add pdm2pcm
2026-03-01 18:21:37,135 [INFO] IPUIPlugin:80 - create IPUIPlugin
2026-03-01 18:21:37,139 [INFO] PluginManager:220 - loadIPPluginJar : add plateformsettings
2026-03-01 18:21:37,183 [INFO] IPUIPlugin:80 - create IPUIPlugin
2026-03-01 18:21:37,183 [INFO] PluginManager:220 - loadIPPluginJar : add quadspi
2026-03-01 18:21:37,207 [INFO] IPUIPlugin:80 - create IPUIPlugin
2026-03-01 18:21:37,207 [INFO] PluginManager:220 - loadIPPluginJar : add resmgrutility
2026-03-01 18:21:37,297 [INFO] IPUIPlugin:80 - create IPUIPlugin
2026-03-01 18:21:37,297 [INFO] PluginManager:220 - loadIPPluginJar : add sai
2026-03-01 18:21:37,365 [INFO] IPUIPlugin:80 - create IPUIPlugin
2026-03-01 18:21:37,365 [INFO] PluginManager:220 - loadIPPluginJar : add spi
2026-03-01 18:21:37,461 [INFO] IPUIPlugin:80 - create IPUIPlugin
2026-03-01 18:21:37,462 [INFO] PluginManager:220 - loadIPPluginJar : add stm32_wpan
2026-03-01 18:21:37,507 [INFO] IPUIPlugin:80 - create IPUIPlugin
2026-03-01 18:21:37,507 [INFO] PluginManager:220 - loadIPPluginJar : add tim
2026-03-01 18:21:37,598 [INFO] IPUIPlugin:80 - create IPUIPlugin
2026-03-01 18:21:37,598 [INFO] PluginManager:220 - loadIPPluginJar : add touchsensing
2026-03-01 18:21:37,640 [INFO] IPUIPlugin:80 - create IPUIPlugin
2026-03-01 18:21:37,640 [INFO] PluginManager:220 - loadIPPluginJar : add tracer_emb
2026-03-01 18:21:37,681 [INFO] IPUIPlugin:80 - create IPUIPlugin
2026-03-01 18:21:37,681 [INFO] PluginManager:220 - loadIPPluginJar : add ts
2026-03-01 18:21:37,723 [INFO] IPUIPlugin:80 - create IPUIPlugin
2026-03-01 18:21:37,723 [INFO] PluginManager:220 - loadIPPluginJar : add tsc
2026-03-01 18:21:37,759 [INFO] IPUIPlugin:80 - create IPUIPlugin
2026-03-01 18:21:37,759 [INFO] PluginManager:220 - loadIPPluginJar : add ucpd
2026-03-01 18:21:37,835 [INFO] IPUIPlugin:80 - create IPUIPlugin
2026-03-01 18:21:37,835 [INFO] PluginManager:220 - loadIPPluginJar : add usart
2026-03-01 18:21:37,905 [INFO] IPUIPlugin:80 - create IPUIPlugin
2026-03-01 18:21:37,905 [INFO] PluginManager:220 - loadIPPluginJar : add usbx
2026-03-01 18:21:38,056 [INFO] CADModel:165 - CPN selected for project level
2026-03-01 18:21:38,057 [INFO] CADModel:114 - Register for checkConnection events
2026-03-01 18:21:38,057 [FATAL] Updater:308 - Updater called before beeing initialized
2026-03-01 18:21:38,057 [ERROR] CADModel:125 - Updater not yet initialized, retry later 
2026-03-01 18:21:38,306 [INFO] CADModel:165 - CPN selected for project level
2026-03-01 18:21:38,306 [INFO] CADModel:114 - Register for checkConnection events
2026-03-01 18:21:38,306 [FATAL] Updater:308 - Updater called before beeing initialized
2026-03-01 18:21:38,307 [ERROR] CADModel:125 - Updater not yet initialized, retry later 
2026-03-01 18:21:38,313 [FATAL] Updater:308 - Updater called before beeing initialized
2026-03-01 18:21:38,535 [FATAL] Updater:308 - Updater called before beeing initialized
2026-03-01 18:21:38,562 [INFO] DbMcusAds:53 - JSON generation date=Wed Feb 18 09:32:49 EST 2026 (1771425169665)
2026-03-01 18:21:38,563 [FATAL] Updater:308 - Updater called before beeing initialized
2026-03-01 18:21:38,720 [WARN] DetailPanel:346 - Failed to get advertising image, set to default
2026-03-01 18:21:38,878 [FATAL] Updater:308 - Updater called before beeing initialized
2026-03-01 18:21:38,881 [FATAL] Updater:308 - Updater called before beeing initialized
2026-03-01 18:21:38,881 [FATAL] Updater:308 - Updater called before beeing initialized
2026-03-01 18:21:38,881 [WARN] DetailPanel:346 - Failed to get advertising image, set to default
2026-03-01 18:21:38,882 [FATAL] Updater:308 - Updater called before beeing initialized
2026-03-01 18:21:38,992 [ERROR] Updater:1120 - MainUpdater not yet initialized. External WinMGr cannot be set.
2026-03-01 18:21:39,011 [INFO] Updater:1056 - Updater Version found : 6.9.1
2026-03-01 18:21:39,037 [INFO] ApplicationProperties:184 - Using Application install path: C:\ST\STM32CubeIDE_1.13.1\STM32CubeIDE\plugins\com.st.stm32cube.common.mx_6.9.1.202307191849
2026-03-01 18:21:39,182 [INFO] MainUpdater:521 - Copy updater definitions from MX database
2026-03-01 18:21:39,450 [INFO] ThirdPartyUpdaterWithRetryManager:70 - Updater plugin not ready yet. [3/15]
2026-03-01 18:21:39,701 [INFO] MainUpdater:2868 - connection check result : 10
2026-03-01 18:21:39,702 [INFO] MainUpdater:3562 - Updater definition file requires update
2026-03-01 18:21:39,703 [INFO] MainUpdater:285 - Updater Check For Update Now.
2026-03-01 18:21:39,704 [INFO] MicroXplorer:498 - Change Database Version : DB.6.0.91
2026-03-01 18:21:39,735 [INFO] McuFinderGlobals:63 - Set McuFinder mode to 2 (CubeIDE integrated)
2026-03-01 18:21:39,752 [INFO] ServerAccessManage:473 - Download File updaters.zip
2026-03-01 18:21:39,940 [INFO] FileExtend:240 - Unzip File : updaters.zip
2026-03-01 18:21:39,940 [INFO] FileExtend:255 - Standard Zip Deflate
2026-03-01 18:21:41,703 [INFO] ServerAccessManage:473 - Download File PacksControlFlags.xml
2026-03-01 18:21:41,949 [INFO] ServerAccessManage:473 - Download File cubemx.pidx
2026-03-01 18:21:42,270 [INFO] LoadServerUpdatesThread:373 - End of LoadServerUpdate Thread
2026-03-01 18:21:42,452 [WARN] MainUpdater:1189 - Updater busy. Cannot search thirdparties
2026-03-01 18:21:42,453 [INFO] ThirdPartyUpdaterWithRetryManager:96 - Updater plugin is busy. [1/15]
2026-03-01 18:21:42,566 [INFO] CheckServerUpdateThread:120 - End of CheckServer Thread
2026-03-01 18:21:45,941 [WARN] PackLoader:240 - Cannot read IP mode file for STMicroelectronics.FP-SNS-MOTENVWB1.1.4.0
2026-03-01 18:21:45,967 [WARN] PackLoader:240 - Cannot read IP mode file for STMicroelectronics.FP-ATR-ASTRA1.2.0.2
2026-03-01 18:21:45,987 [WARN] PackLoader:240 - Cannot read IP mode file for STMicroelectronics.FP-ATR-ASTRA1.2.0.1
2026-03-01 18:21:46,012 [WARN] PackLoader:240 - Cannot read IP mode file for STMicroelectronics.X-CUBE-SMBUS.2.1.0
2026-03-01 18:21:46,036 [WARN] PackLoader:240 - Cannot read IP mode file for STMicroelectronics.X-CUBE-WB05N.1.1.0
2026-03-01 18:21:46,054 [ERROR] Engine:466 - C:\Users\alexp\.stm32cubemx\thirdparties\pdsc\STMicroelectronics.X-CUBE-ST60.1.0.0.pdsc: PDSC version is not supported
2026-03-01 18:21:46,124 [WARN] PackLoader:240 - Cannot read IP mode file for STMicroelectronics.X-CUBE-AZRTOS-F7.1.1.0
2026-03-01 18:21:46,160 [WARN] PackLoader:240 - Cannot read IP mode file for STMicroelectronics.FP-SNS-MOTENV1.4.3.2
2026-03-01 18:21:46,184 [ERROR] Engine:466 - C:\Users\alexp\.stm32cubemx\thirdparties\pdsc\STMicroelectronics.FP-SNS-MOTENV1.5.1.0.pdsc: PDSC version is not supported
2026-03-01 18:21:46,208 [WARN] PackLoader:240 - Cannot read IP mode file for STMicroelectronics.FP-SNS-FLIGHT1.5.0.2
2026-03-01 18:21:46,293 [WARN] PackLoader:240 - Cannot read IP mode file for STMicroelectronics.X-CUBE-AZRTOS-H7.3.4.0
2026-03-01 18:21:46,333 [WARN] PackLoader:240 - Cannot read IP mode file for STMicroelectronics.X-CUBE-DISPLAY.3.0.0
2026-03-01 18:21:46,363 [ERROR] Engine:466 - C:\Users\alexp\.stm32cubemx\thirdparties\pdsc\STMicroelectronics.FP-SNS-MOTENVWB1.1.5.0.pdsc: PDSC version is not supported
2026-03-01 18:21:46,391 [WARN] PackLoader:240 - Cannot read IP mode file for STMicroelectronics.X-CUBE-BLE1.7.0.0
2026-03-01 18:21:46,420 [WARN] PackLoader:240 - Cannot read IP mode file for STMicroelectronics.X-CUBE-NFC10.1.0.0
2026-03-01 18:21:46,446 [ERROR] Engine:466 - C:\Users\alexp\.stm32cubemx\thirdparties\pdsc\STMicroelectronics.X-CUBE-BLEMGR.4.0.0.pdsc: PDSC version is not supported
2026-03-01 18:21:46,467 [ERROR] Engine:466 - C:\Users\alexp\.stm32cubemx\thirdparties\pdsc\STMicroelectronics.X-CUBE-ST60.1.1.0.pdsc: PDSC version is not supported
2026-03-01 18:21:46,493 [WARN] PackLoader:240 - Cannot read IP mode file for emotas.I-CUBE-CANOPEN.1.3.0
2026-03-01 18:21:46,517 [WARN] PackLoader:240 - Cannot read IP mode file for STMicroelectronics.X-CUBE-TOUCHGFX.4.22.0
2026-03-01 18:21:46,540 [WARN] PackLoader:240 - Cannot read IP mode file for STMicroelectronics.X-CUBE-GNSS1.7.1.0
2026-03-01 18:21:46,564 [WARN] PackLoader:240 - Cannot read IP mode file for STMicroelectronics.X-CUBE-TOUCHGFX.4.22.1
2026-03-01 18:21:46,585 [WARN] PackLoader:240 - Cannot read IP mode file for STMicroelectronics.X-CUBE-AI.10.0.0
2026-03-01 18:21:46,606 [ERROR] Engine:466 - C:\Users\alexp\.stm32cubemx\thirdparties\pdsc\STMicroelectronics.FP-SNS-STBOX1.2.1.0.pdsc: PDSC version is not supported
2026-03-01 18:21:46,630 [WARN] PackLoader:240 - Cannot read IP mode file for STMicroelectronics.FP-SNS-SMARTAG2.1.2.0
2026-03-01 18:21:46,651 [ERROR] Engine:466 - C:\Users\alexp\.stm32cubemx\thirdparties\pdsc\STMicroelectronics.FP-SNS-FLIGHT1.5.1.0.pdsc: PDSC version is not supported
2026-03-01 18:21:46,777 [WARN] PackLoader:240 - Cannot read IP mode file for STMicroelectronics.X-CUBE-MEMS1.11.1.0
2026-03-01 18:21:47,111 [INFO] LogOutputStream:77 - [STDOUT_REDIRECT] 1 : Invalid condition id : UX_CORESTACK_Condition cause : null
2026-03-01 18:21:47,113 [INFO] LogOutputStream:77 - [STDOUT_REDIRECT] 1 : Invalid condition id : UX_CORESTACK_Condition cause : null
2026-03-01 18:21:47,116 [INFO] LogOutputStream:77 - [STDOUT_REDIRECT] 1 : Invalid condition id : UX_CORESTACK_Condition cause : null
2026-03-01 18:21:47,119 [INFO] LogOutputStream:77 - [STDOUT_REDIRECT] 1 : Invalid condition id : UX_CORESTACK_Condition cause : null
2026-03-01 18:21:47,121 [INFO] LogOutputStream:77 - [STDOUT_REDIRECT] 1 : Invalid condition id : UX_CORESTACK_Condition cause : null
2026-03-01 18:21:47,127 [WARN] PackLoader:240 - Cannot read IP mode file for STMicroelectronics.X-CUBE-AZRTOS-WL.2.0.0
2026-03-01 18:21:47,153 [WARN] PackLoader:240 - Cannot read IP mode file for STMicroelectronics.FP-SNS-MOTENV1.5.0.0
2026-03-01 18:21:47,218 [WARN] PackLoader:240 - Cannot read IP mode file for STMicroelectronics.X-CUBE-AZRTOS-H7RS.1.2.0
2026-03-01 18:21:47,249 [WARN] PackLoader:240 - Cannot read IP mode file for wolfSSL.I-CUBE-wolfMQTT.1.19.0
2026-03-01 18:21:47,281 [WARN] PackLoader:240 - Cannot read IP mode file for WES.I-CUBE-Cesium.1.3.0
2026-03-01 18:21:47,309 [WARN] PackLoader:240 - Cannot read IP mode file for STMicroelectronics.X-CUBE-BLE2.3.3.0
2026-03-01 18:21:47,330 [ERROR] Engine:466 - C:\Users\alexp\.stm32cubemx\thirdparties\pdsc\Avnet-IOTCONNECT.X-CUBE-iotc-st67-sdk.1.0.0.pdsc: PDSC version is not supported
2026-03-01 18:21:47,359 [WARN] PackLoader:240 - Cannot read IP mode file for STMicroelectronics.X-CUBE-NFC9.1.0.0
2026-03-01 18:21:47,384 [WARN] PackLoader:240 - Cannot read IP mode file for STMicroelectronics.X-CUBE-BLE1.7.1.0
2026-03-01 18:21:47,405 [ERROR] Engine:466 - C:\Users\alexp\.stm32cubemx\thirdparties\pdsc\STMicroelectronics.X-CUBE-FREERTOS.1.4.0.pdsc: PDSC version is not supported
2026-03-01 18:21:47,431 [WARN] PackLoader:240 - Cannot read IP mode file for STMicroelectronics.X-CUBE-EEPRMA1.5.2.0
2026-03-01 18:21:47,456 [ERROR] Engine:466 - C:\Users\alexp\.stm32cubemx\thirdparties\pdsc\STMicroelectronics.X-CUBE-ST67W61.1.1.0.pdsc: PDSC version is not supported
2026-03-01 18:21:47,593 [WARN] PackLoader:240 - Cannot read IP mode file for STMicroelectronics.X-CUBE-MEMS1.12.0.0
2026-03-01 18:21:47,755 [WARN] PackLoader:240 - Cannot read IP mode file for STMicroelectronics.X-CUBE-ALGOBUILD.1.3.0
2026-03-01 18:21:47,820 [WARN] PackLoader:240 - Cannot read IP mode file for STMicroelectronics.X-CUBE-AZRTOS-G0.1.1.0
2026-03-01 18:21:47,854 [WARN] PackLoader:240 - Cannot read IP mode file for STMicroelectronics.X-CUBE-SAFEA1.1.2.2
2026-03-01 18:21:47,883 [WARN] PackLoader:240 - Cannot read IP mode file for STMicroelectronics.X-CUBE-NFC4.3.0.0
2026-03-01 18:21:47,909 [ERROR] Engine:466 - C:\Users\alexp\.stm32cubemx\thirdparties\pdsc\EmbeddedOffice.I-CUBE-FS-RTOS.1.0.1.pdsc: PDSC version is not supported
2026-03-01 18:21:47,934 [WARN] PackLoader:240 - Cannot read IP mode file for STMicroelectronics.X-CUBE-WB05N.2.0.0
2026-03-01 18:21:47,967 [WARN] PackLoader:240 - Cannot read IP mode file for STMicroelectronics.X-CUBE-BLEMGR.3.0.0
2026-03-01 18:21:47,991 [ERROR] Engine:466 - C:\Users\alexp\.stm32cubemx\thirdparties\pdsc\STMicroelectronics.X-CUBE-TCPP.4.2.0.pdsc: PDSC version is not supported
2026-03-01 18:21:48,011 [ERROR] Engine:466 - C:\Users\alexp\.stm32cubemx\thirdparties\pdsc\RealThread.X-CUBE-RT-Thread_Nano.4.1.1.pdsc: PDSC version is not supported
2026-03-01 18:21:48,037 [WARN] PackLoader:240 - Cannot read IP mode file for STMicroelectronics.FP-ATR-SIGFOX1.3.2.0
2026-03-01 18:21:48,062 [ERROR] Engine:466 - C:\Users\alexp\.stm32cubemx\thirdparties\pdsc\quantropi.X-CUBE-qispace-sdk-base.1.9.3.pdsc: PDSC version is not supported
2026-03-01 18:21:48,090 [WARN] PackLoader:240 - Cannot read IP mode file for STMicroelectronics.X-CUBE-EEPRMA1.5.1.0
2026-03-01 18:21:48,129 [WARN] PackLoader:240 - Cannot read IP mode file for STMicroelectronics.X-CUBE-NFC6.3.2.0
2026-03-01 18:21:48,160 [ERROR] Engine:466 - C:\Users\alexp\.stm32cubemx\thirdparties\pdsc\STMicroelectronics.X-CUBE-ST67W61.1.0.0.pdsc: PDSC version is not supported
2026-03-01 18:21:48,186 [WARN] PackLoader:240 - Cannot read IP mode file for STMicroelectronics.X-CUBE-AI.10.2.0
2026-03-01 18:21:48,261 [WARN] PackLoader:240 - Cannot read IP mode file for SEGGER.I-CUBE-embOS.1.3.1
2026-03-01 18:21:48,333 [WARN] PackLoader:240 - Cannot read IP mode file for STMicroelectronics.X-CUBE-ALGOBUILD.1.4.0
2026-03-01 18:21:48,434 [WARN] PackLoader:240 - Cannot read IP mode file for STMicroelectronics.X-CUBE-MEMS1.11.3.0
2026-03-01 18:21:48,688 [WARN] PackLoader:240 - Cannot read IP mode file for STMicroelectronics.X-CUBE-PM33A1.1.0.0
2026-03-01 18:21:48,714 [WARN] PackLoader:240 - Cannot read IP mode file for STMicroelectronics.X-CUBE-GNSS1.6.0.0
2026-03-01 18:21:48,769 [WARN] PackLoader:240 - Cannot read IP mode file for STMicroelectronics.X-CUBE-AZRTOS-F4.1.1.0
2026-03-01 18:21:48,795 [WARN] PackLoader:240 - Cannot read IP mode file for wolfSSL.I-CUBE-wolfSSL.5.6.3
2026-03-01 18:21:48,821 [WARN] PackLoader:240 - Cannot read IP mode file for STMicroelectronics.X-CUBE-ISPU.2.1.0
2026-03-01 18:21:48,853 [ERROR] Engine:466 - C:\Users\alexp\.stm32cubemx\thirdparties\pdsc\STMicroelectronics.X-CUBE-IPS.3.2.0.pdsc: PDSC version is not supported
2026-03-01 18:21:48,885 [WARN] PackLoader:240 - Cannot read IP mode file for STMicroelectronics.X-CUBE-NFC12.1.0.0
2026-03-01 18:21:48,946 [WARN] PackLoader:240 - Cannot read IP mode file for STMicroelectronics.X-CUBE-AZRTOS-L5.2.0.0
2026-03-01 18:21:49,058 [WARN] PackLoader:240 - Cannot read IP mode file for STMicroelectronics.X-CUBE-MEMS1.9.6.0
2026-03-01 18:21:49,303 [WARN] PackLoader:240 - Cannot read IP mode file for STMicroelectronics.X-CUBE-EEPRMA1.4.2.0
2026-03-01 18:21:49,343 [WARN] PackLoader:240 - Cannot read IP mode file for STMicroelectronics.X-CUBE-NFC6.3.1.0
2026-03-01 18:21:49,374 [WARN] PackLoader:240 - Cannot read IP mode file for ITTIA_DB.I-CUBE-ITTIADB.8.8.0
2026-03-01 18:21:49,407 [WARN] PackLoader:240 - Cannot read IP mode file for STMicroelectronics.X-CUBE-BLEMGR.2.0.0
2026-03-01 18:21:49,435 [ERROR] Engine:466 - C:\Users\alexp\.stm32cubemx\thirdparties\pdsc\STMicroelectronics.X-CUBE-DPower.1.2.0.pdsc: PDSC version is not supported
2026-03-01 18:21:49,491 [WARN] ConditionMgr:438 - getConditionDescription Invalid condition id : UX DEVICE CLASS RTOS Condition cause : null
2026-03-01 18:21:49,491 [WARN] ConditionMgr:438 - getConditionDescription Invalid condition id : UX DEVICE CLASS RTOS Condition cause : null
2026-03-01 18:21:49,496 [WARN] PackLoader:240 - Cannot read IP mode file for STMicroelectronics.X-CUBE-AZRTOS-H7.3.1.0
2026-03-01 18:21:49,498 [WARN] ConditionMgr:1039 - genDependencies : Invalid condition id : UX DEVICE CLASS RTOS Condition cause : null
2026-03-01 18:21:49,498 [WARN] ConditionMgr:1039 - genDependencies : Invalid condition id : UX DEVICE CLASS RTOS Condition cause : null
2026-03-01 18:21:49,499 [WARN] ConditionMgr:1039 - genDependencies : Invalid condition id : UX DEVICE CLASS RTOS Condition cause : null
2026-03-01 18:21:49,499 [WARN] ConditionMgr:1039 - genDependencies : Invalid condition id : UX DEVICE CLASS RTOS Condition cause : null
2026-03-01 18:21:49,500 [WARN] ConditionMgr:1039 - genDependencies : Invalid condition id : UX DEVICE CLASS RTOS Condition cause : null
2026-03-01 18:21:49,537 [WARN] PackLoader:240 - Cannot read IP mode file for STMicroelectronics.X-CUBE-FREERTOS.1.3.1
2026-03-01 18:21:49,569 [WARN] PackLoader:240 - Cannot read IP mode file for STMicroelectronics.X-CUBE-FREERTOS.1.3.0
2026-03-01 18:21:49,602 [WARN] PackLoader:240 - Cannot read IP mode file for STMicroelectronics.X-CUBE-NFC7.1.0.1
2026-03-01 18:21:49,638 [WARN] PackLoader:240 - Cannot read IP mode file for STMicroelectronics.X-CUBE-TOUCHGFX.4.26.0
2026-03-01 18:21:49,677 [WARN] PackLoader:240 - Cannot read IP mode file for STMicroelectronics.X-CUBE-NFC6.3.0.0
2026-03-01 18:21:49,714 [WARN] PackLoader:240 - Cannot read IP mode file for STMicroelectronics.X-CUBE-EEPRMA1.4.1.0
2026-03-01 18:21:49,744 [ERROR] Engine:466 - C:\Users\alexp\.stm32cubemx\thirdparties\pdsc\STMicroelectronics.FP-SNS-STAIOTCFT.1.0.0.pdsc: PDSC version is not supported
2026-03-01 18:21:49,772 [ERROR] Engine:466 - C:\Users\alexp\.stm32cubemx\thirdparties\pdsc\STMicroelectronics.X-CUBE-DPower.1.3.0.pdsc: PDSC version is not supported
2026-03-01 18:21:49,795 [WARN] PackLoader:240 - Cannot read IP mode file for STMicroelectronics.X-CUBE-AI.8.1.0
2026-03-01 18:21:49,869 [WARN] ConditionMgr:438 - getConditionDescription Invalid condition id : LAN8742 Phy interface Condition cause : null
2026-03-01 18:21:49,870 [WARN] PackLoader:240 - Cannot read IP mode file for STMicroelectronics.X-CUBE-AZRTOS-L4.2.0.0
2026-03-01 18:21:49,872 [WARN] ConditionMgr:1039 - genDependencies : Invalid condition id : LAN8742 Phy interface Condition cause : null
2026-03-01 18:21:49,872 [WARN] ConditionMgr:1039 - genDependencies : Invalid condition id : LAN8742 Phy interface Condition cause : null
2026-03-01 18:21:49,873 [WARN] ConditionMgr:1039 - genDependencies : Invalid condition id : LAN8742 Phy interface Condition cause : null
2026-03-01 18:21:49,905 [WARN] PackLoader:240 - Cannot read IP mode file for STMicroelectronics.X-CUBE-SFXS2LP1.4.0.0
2026-03-01 18:21:49,931 [ERROR] Engine:466 - C:\Users\alexp\.stm32cubemx\thirdparties\pdsc\STMicroelectronics.X-CUBE-ST67W61.1.2.0.pdsc: PDSC version is not supported
2026-03-01 18:21:49,960 [WARN] PackLoader:240 - Cannot read IP mode file for STMicroelectronics.X-CUBE-ISPU.1.1.0
2026-03-01 18:21:50,024 [WARN] PackLoader:240 - Cannot read IP mode file for STMicroelectronics.X-CUBE-AZRTOS-H7.3.3.0
2026-03-01 18:21:50,057 [ERROR] Engine:466 - C:\Users\alexp\.stm32cubemx\thirdparties\pdsc\STMicroelectronics.X-CUBE-BLEMGR.4.1.0.pdsc: PDSC version is not supported
2026-03-01 18:21:50,106 [WARN] ConditionMgr:438 - getConditionDescription Invalid condition id : UX DEVICE CLASS RTOS Condition cause : null
2026-03-01 18:21:50,107 [WARN] ConditionMgr:438 - getConditionDescription Invalid condition id : UX DEVICE CLASS RTOS Condition cause : null
2026-03-01 18:21:50,109 [WARN] PackLoader:240 - Cannot read IP mode file for STMicroelectronics.X-CUBE-AZRTOS-WB.2.0.0
2026-03-01 18:21:50,110 [WARN] ConditionMgr:1039 - genDependencies : Invalid condition id : UX DEVICE CLASS RTOS Condition cause : null
2026-03-01 18:21:50,110 [WARN] ConditionMgr:1039 - genDependencies : Invalid condition id : UX DEVICE CLASS RTOS Condition cause : null
2026-03-01 18:21:50,111 [WARN] ConditionMgr:1039 - genDependencies : Invalid condition id : UX DEVICE CLASS RTOS Condition cause : null
2026-03-01 18:21:50,111 [WARN] ConditionMgr:1039 - genDependencies : Invalid condition id : UX DEVICE CLASS RTOS Condition cause : null
2026-03-01 18:21:50,111 [WARN] ConditionMgr:1039 - genDependencies : Invalid condition id : UX DEVICE CLASS RTOS Condition cause : null
2026-03-01 18:21:50,151 [WARN] PackLoader:240 - Cannot read IP mode file for STMicroelectronics.X-CUBE-GNSS1.7.0.1
2026-03-01 18:21:50,177 [ERROR] Engine:466 - C:\Users\alexp\.stm32cubemx\thirdparties\pdsc\STMicroelectronics.FP-SNS-STBOX1.2.0.0.pdsc: PDSC version is not supported
2026-03-01 18:21:50,208 [WARN] PackLoader:240 - Cannot read IP mode file for STMicroelectronics.X-CUBE-STSE01.2.0.0
2026-03-01 18:21:50,245 [WARN] PackLoader:240 - Cannot read IP mode file for STMicroelectronics.X-CUBE-SUBG2.5.0.0
2026-03-01 18:21:50,307 [WARN] PackLoader:240 - Cannot read IP mode file for STMicroelectronics.X-CUBE-AZRTOS-H7RS.1.1.0
2026-03-01 18:21:50,340 [WARN] PackLoader:240 - Cannot read IP mode file for Cesanta.I-CUBE-Mongoose.7.13.0
2026-03-01 18:21:50,376 [WARN] PackLoader:240 - Cannot read IP mode file for STMicroelectronics.X-CUBE-TOF1.3.3.1
2026-03-01 18:21:50,426 [WARN] PackLoader:240 - Cannot read IP mode file for STMicroelectronics.X-CUBE-AZRTOS-G4.2.0.0
2026-03-01 18:21:50,470 [WARN] PackLoader:240 - Cannot read IP mode file for Infineon.AIROC-Wi-Fi-Bluetooth-STM32.1.5.1
2026-03-01 18:21:50,501 [WARN] PackLoader:240 - Cannot read IP mode file for STMicroelectronics.FP-SNS-MOTENVWB1.1.3.0
2026-03-01 18:21:50,525 [WARN] PackLoader:240 - Cannot read IP mode file for STMicroelectronics.X-CUBE-NFC7.2.0.0
2026-03-01 18:21:50,552 [ERROR] Engine:466 - C:\Users\alexp\.stm32cubemx\thirdparties\pdsc\STMicroelectronics.X-CUBE-IPS.3.1.0.pdsc: PDSC version is not supported
2026-03-01 18:21:50,576 [WARN] PackLoader:240 - Cannot read IP mode file for STMicroelectronics.X-CUBE-ALS.1.0.2
2026-03-01 18:21:50,648 [WARN] PackLoader:240 - Cannot read IP mode file for STMicroelectronics.X-CUBE-MEMS1.10.0.0
2026-03-01 18:21:50,835 [WARN] PackLoader:240 - Cannot read IP mode file for STMicroelectronics.X-CUBE-FREERTOS.1.1.0
2026-03-01 18:21:50,867 [WARN] PackLoader:240 - Cannot read IP mode file for STMicroelectronics.X-CUBE-TOUCHGFX.4.24.2
2026-03-01 18:21:50,899 [WARN] PackLoader:240 - Cannot read IP mode file for STMicroelectronics.X-CUBE-STSE01.1.0.0
2026-03-01 18:21:50,927 [WARN] PackLoader:240 - Cannot read IP mode file for wolfSSL.I-CUBE-wolfTPM.3.4.0
2026-03-01 18:21:50,957 [WARN] PackLoader:240 - Cannot read IP mode file for portGmbH.I-Cube-SoM-uGOAL.1.1.0
2026-03-01 18:21:50,983 [WARN] PackLoader:240 - Cannot read IP mode file for STMicroelectronics.X-CUBE-ALS.1.0.1
2026-03-01 18:21:51,039 [WARN] PackLoader:240 - Cannot read IP mode file for STMicroelectronics.X-CUBE-AZRTOS-H7RS.1.0.0
2026-03-01 18:21:51,074 [WARN] PackLoader:240 - Cannot read IP mode file for STMicroelectronics.FP-ATR-ASTRA1.2.0.0
2026-03-01 18:21:51,111 [ERROR] Engine:466 - C:\Users\alexp\.stm32cubemx\thirdparties\pdsc\STMicroelectronics.X-CUBE-TOF1.3.4.2.pdsc: PDSC version is not supported
2026-03-01 18:21:51,139 [ERROR] Engine:466 - C:\Users\alexp\.stm32cubemx\thirdparties\pdsc\STMicroelectronics.X-CUBE-TOF1.3.4.3.pdsc: PDSC version is not supported
2026-03-01 18:21:51,172 [WARN] PackLoader:240 - Cannot read IP mode file for STMicroelectronics.X-CUBE-TOF1.3.4.0
2026-03-01 18:21:51,208 [WARN] PackLoader:240 - Cannot read IP mode file for wolfSSL.I-CUBE-wolfSSH.1.4.17
2026-03-01 18:21:51,209 [INFO] ThirdParty:978 - Integrity check success = true
2026-03-01 18:21:51,209 [INFO] IntegrityCheckThread:100 - exiting critical section [integrity check]
2026-03-01 18:21:51,209 [INFO] IntegrityCheckThread:103 - End integrity checks thread
2026-03-01 18:22:03,404 [ERROR] LogOutputStream:75 - [STDERR_REDIRECT] SLF4J: Failed to load class "org.slf4j.impl.StaticLoggerBinder".
2026-03-01 18:22:03,405 [ERROR] LogOutputStream:75 - [STDERR_REDIRECT] SLF4J: Defaulting to no-operation (NOP) logger implementation
2026-03-01 18:22:03,411 [ERROR] LogOutputStream:75 - [STDERR_REDIRECT] SLF4J: See http://www.slf4j.org/codes.html#StaticLoggerBinder for further details.
